<?xml version="1.0" encoding="UTF-8"?>
<!-- Generated by org.testng.reporters.JUnitReportReporter -->
<testsuite hostname="Somashekars-iMac.local" failures="0" tests="1" name="nucotjulypomseries.tests.LoginWithDifferentDataTest" time="0.000" errors="0" timestamp="2023-09-30T09:24:48 IST" skipped="1">
  <testcase classname="nucotjulypomseries.tests.LoginWithDifferentDataTest" name="doSetupLoginData" time="0.000">
    <skipped/>
  </testcase> <!-- doSetupLoginData -->
  <system-out/>
</testsuite> <!-- nucotjulypomseries.tests.LoginWithDifferentDataTest -->
