<?xml version="1.0" encoding="UTF-8"?>
<!-- Generated by org.testng.reporters.JUnitReportReporter -->
<testsuite hostname="Somashekars-iMac.local" failures="0" tests="3" name="nucotjulypomseries.tests.LoginPageTest" time="9.911" errors="0" timestamp="2023-11-15T12:13:47 IST" skipped="0">
  <testcase classname="nucotjulypomseries.tests.LoginPageTest" name="loginPageUrlTest" time="0.092"/>
  <system-out/>
  <testcase classname="nucotjulypomseries.tests.LoginPageTest" name="loginPageTitleTest" time="0.025"/>
  <system-out/>
  <testcase classname="nucotjulypomseries.tests.LoginPageTest" name="loginTest" time="9.794"/>
  <system-out/>
</testsuite> <!-- nucotjulypomseries.tests.LoginPageTest -->
