<?xml version="1.0" encoding="UTF-8"?>
<!-- Generated by org.testng.reporters.JUnitReportReporter -->
<testsuite hostname="Somashekars-iMac.local" failures="0" tests="3" name="nucotjulypomseries.tests.HomePageTest" time="20.593" errors="0" timestamp="2023-09-25T09:20:51 IST" skipped="0">
  <testcase classname="nucotjulypomseries.tests.HomePageTest" name="homePageUrlTest" time="1.649"/>
  <system-out/>
  <testcase classname="nucotjulypomseries.tests.HomePageTest" name="homePageTitleTest" time="0.015"/>
  <system-out/>
  <testcase classname="nucotjulypomseries.tests.HomePageTest" name="systemUserDetailsTest" time="18.929"/>
  <system-out/>
</testsuite> <!-- nucotjulypomseries.tests.HomePageTest -->
